[2025-02-28T07:40:00.706+0000][208][info][gc,init] CardTable entry size: 512
[2025-02-28T07:40:00.706+0000][208][info][gc     ] Using G1
[2025-02-28T07:40:00.773+0000][208][info][gc,init] Version: 23+37-2369 (release)
[2025-02-28T07:40:00.773+0000][208][info][gc,init] CPUs: 16 total, 16 available
[2025-02-28T07:40:00.773+0000][208][info][gc,init] Memory: 15900M
[2025-02-28T07:40:00.774+0000][208][info][gc,init] Large Page Support: Disabled
[2025-02-28T07:40:00.774+0000][208][info][gc,init] NUMA Support: Disabled
[2025-02-28T07:40:00.774+0000][208][info][gc,init] Compressed Oops: Enabled (32-bit)
[2025-02-28T07:40:00.774+0000][208][info][gc,init] Heap Region Size: 4M
[2025-02-28T07:40:00.775+0000][208][info][gc,init] Heap Min Capacity: 1G
[2025-02-28T07:40:00.775+0000][208][info][gc,init] Heap Initial Capacity: 1G
[2025-02-28T07:40:00.775+0000][208][info][gc,init] Heap Max Capacity: 1G
[2025-02-28T07:40:00.775+0000][208][info][gc,init] Pre-touch: Enabled
[2025-02-28T07:40:00.775+0000][208][info][gc,init] Parallel Workers: 13
[2025-02-28T07:40:00.775+0000][208][info][gc,init] Concurrent Workers: 3
[2025-02-28T07:40:00.777+0000][208][info][gc,init] Concurrent Refinement Workers: 13
[2025-02-28T07:40:00.777+0000][208][info][gc,init] Periodic GC: Disabled
[2025-02-28T07:40:00.783+0000][208][info][gc,metaspace] CDS archive(s) mapped at: [0x00007ff066000000-0x00007ff066d8e000-0x00007ff066d8e000), size 14213120, SharedBaseAddress: 0x00007ff066000000, ArchiveRelocationMode: 1.
[2025-02-28T07:40:00.783+0000][208][info][gc,metaspace] Compressed class space mapped at: 0x00007ff067000000-0x00007ff0a7000000, reserved size: 1073741824
[2025-02-28T07:40:00.783+0000][208][info][gc,metaspace] Narrow klass base: 0x00007ff066000000, Narrow klass shift: 0, Narrow klass range: 0x100000000
[2025-02-28T07:40:01.253+0000][208][info][gc,start    ] GC(0) Pause Young (Normal) (G1 Evacuation Pause)
[2025-02-28T07:40:01.253+0000][208][info][gc,task     ] GC(0) Using 13 workers of 13 for evacuation
[2025-02-28T07:40:01.253+0000][208][debug][gc,age      ] GC(0) Desired survivor size 4194304 bytes, new threshold 15 (max threshold 15)
[2025-02-28T07:40:01.256+0000][208][info ][gc,phases   ] GC(0)   Pre Evacuate Collection Set: 0.19ms
[2025-02-28T07:40:01.256+0000][208][info ][gc,phases   ] GC(0)   Merge Heap Roots: 0.15ms
[2025-02-28T07:40:01.256+0000][208][info ][gc,phases   ] GC(0)   Evacuate Collection Set: 1.75ms
[2025-02-28T07:40:01.257+0000][208][info ][gc,phases   ] GC(0)   Post Evacuate Collection Set: 0.67ms
[2025-02-28T07:40:01.257+0000][208][info ][gc,phases   ] GC(0)   Other: 0.38ms
[2025-02-28T07:40:01.257+0000][208][trace][gc,age      ] GC(0) Age table:
[2025-02-28T07:40:01.257+0000][208][trace][gc,age      ] GC(0) - age   1:    4326184 bytes,    4326184 total
[2025-02-28T07:40:01.257+0000][208][info ][gc,heap     ] GC(0) Eden regions: 12->0(10)
[2025-02-28T07:40:01.257+0000][208][info ][gc,heap     ] GC(0) Survivor regions: 0->2(2)
[2025-02-28T07:40:01.257+0000][208][info ][gc,heap     ] GC(0) Old regions: 1->1
[2025-02-28T07:40:01.257+0000][208][info ][gc,heap     ] GC(0) Humongous regions: 0->0
[2025-02-28T07:40:01.257+0000][208][info ][gc,metaspace] GC(0) Metaspace: 6187K(6464K)->6187K(6464K) NonClass: 5480K(5632K)->5480K(5632K) Class: 706K(832K)->706K(832K)
[2025-02-28T07:40:01.257+0000][208][info ][gc          ] GC(0) Pause Young (Normal) (G1 Evacuation Pause) 49M->5M(1024M) 4.422ms
[2025-02-28T07:40:01.257+0000][208][info ][gc,cpu      ] GC(0) User=0.01s Sys=0.00s Real=0.00s
[2025-02-28T07:40:01.257+0000][208][info ][safepoint   ] Safepoint "G1CollectForAllocation", Time since last: 465731188 ns, Reaching safepoint: 2796 ns, At safepoint: 4609444 ns, Total: 4612240 ns
[2025-02-28T07:40:01.810+0000][208][info ][gc,start    ] GC(1) Pause Young (Normal) (G1 Evacuation Pause)
[2025-02-28T07:40:01.810+0000][208][info ][gc,task     ] GC(1) Using 13 workers of 13 for evacuation
[2025-02-28T07:40:01.810+0000][208][debug][gc,age      ] GC(1) Desired survivor size 4194304 bytes, new threshold 1 (max threshold 15)
[2025-02-28T07:40:01.818+0000][208][info ][gc,phases   ] GC(1)   Pre Evacuate Collection Set: 0.30ms
[2025-02-28T07:40:01.819+0000][208][info ][gc,phases   ] GC(1)   Merge Heap Roots: 0.29ms
[2025-02-28T07:40:01.819+0000][208][info ][gc,phases   ] GC(1)   Evacuate Collection Set: 6.28ms
[2025-02-28T07:40:01.819+0000][208][info ][gc,phases   ] GC(1)   Post Evacuate Collection Set: 0.88ms
[2025-02-28T07:40:01.819+0000][208][info ][gc,phases   ] GC(1)   Other: 0.38ms
[2025-02-28T07:40:01.819+0000][208][trace][gc,age      ] GC(1) Age table:
[2025-02-28T07:40:01.819+0000][208][trace][gc,age      ] GC(1) - age   1:    5811480 bytes,    5811480 total
[2025-02-28T07:40:01.820+0000][208][info ][gc,heap     ] GC(1) Eden regions: 10->0(14)
[2025-02-28T07:40:01.820+0000][208][info ][gc,heap     ] GC(1) Survivor regions: 2->2(2)
[2025-02-28T07:40:01.820+0000][208][info ][gc,heap     ] GC(1) Old regions: 1->3
[2025-02-28T07:40:01.820+0000][208][info ][gc,heap     ] GC(1) Humongous regions: 0->0
[2025-02-28T07:40:01.820+0000][208][info ][gc,metaspace] GC(1) Metaspace: 10540K(10816K)->10540K(10816K) NonClass: 9310K(9472K)->9310K(9472K) Class: 1230K(1344K)->1230K(1344K)
[2025-02-28T07:40:01.820+0000][208][info ][gc          ] GC(1) Pause Young (Normal) (G1 Evacuation Pause) 45M->11M(1024M) 10.122ms
[2025-02-28T07:40:01.820+0000][208][info ][gc,cpu      ] GC(1) User=0.04s Sys=0.00s Real=0.01s
[2025-02-28T07:40:01.821+0000][208][info ][safepoint   ] Safepoint "G1CollectForAllocation", Time since last: 552633732 ns, Reaching safepoint: 4913 ns, At safepoint: 10564992 ns, Total: 10569905 ns
[2025-02-28T07:40:02.682+0000][208][info ][gc,start    ] GC(2) Pause Young (Normal) (G1 Evacuation Pause)
[2025-02-28T07:40:02.682+0000][208][info ][gc,task     ] GC(2) Using 13 workers of 13 for evacuation
[2025-02-28T07:40:02.682+0000][208][debug][gc,age      ] GC(2) Desired survivor size 4194304 bytes, new threshold 1 (max threshold 15)
[2025-02-28T07:40:02.688+0000][208][info ][gc,phases   ] GC(2)   Pre Evacuate Collection Set: 0.29ms
[2025-02-28T07:40:02.688+0000][208][info ][gc,phases   ] GC(2)   Merge Heap Roots: 0.17ms
[2025-02-28T07:40:02.688+0000][208][info ][gc,phases   ] GC(2)   Evacuate Collection Set: 3.80ms
[2025-02-28T07:40:02.688+0000][208][info ][gc,phases   ] GC(2)   Post Evacuate Collection Set: 0.91ms
[2025-02-28T07:40:02.689+0000][208][info ][gc,phases   ] GC(2)   Other: 0.44ms
[2025-02-28T07:40:02.689+0000][208][trace][gc,age      ] GC(2) Age table:
[2025-02-28T07:40:02.689+0000][208][trace][gc,age      ] GC(2) - age   1:    2698432 bytes,    2698432 total
[2025-02-28T07:40:02.689+0000][208][info ][gc,heap     ] GC(2) Eden regions: 14->0(20)
[2025-02-28T07:40:02.689+0000][208][info ][gc,heap     ] GC(2) Survivor regions: 2->1(2)
[2025-02-28T07:40:02.689+0000][208][info ][gc,heap     ] GC(2) Old regions: 3->4
[2025-02-28T07:40:02.690+0000][208][info ][gc,heap     ] GC(2) Humongous regions: 0->0
[2025-02-28T07:40:02.690+0000][208][info ][gc,metaspace] GC(2) Metaspace: 18311K(19136K)->18311K(19136K) NonClass: 16267K(16768K)->16267K(16768K) Class: 2043K(2368K)->2043K(2368K)
[2025-02-28T07:40:02.690+0000][208][info ][gc          ] GC(2) Pause Young (Normal) (G1 Evacuation Pause) 67M->14M(1024M) 7.924ms
[2025-02-28T07:40:02.690+0000][208][info ][gc,cpu      ] GC(2) User=0.02s Sys=0.01s Real=0.01s
[2025-02-28T07:40:02.690+0000][208][info ][safepoint   ] Safepoint "G1CollectForAllocation", Time since last: 861321745 ns, Reaching safepoint: 6644 ns, At safepoint: 8297443 ns, Total: 8304087 ns
[2025-02-28T07:40:02.990+0000][208][info ][gc,start    ] GC(3) Pause Young (Concurrent Start) (Metadata GC Threshold)
[2025-02-28T07:40:02.990+0000][208][info ][gc,task     ] GC(3) Using 13 workers of 13 for evacuation
[2025-02-28T07:40:02.990+0000][208][debug][gc,age      ] GC(3) Desired survivor size 6291456 bytes, new threshold 15 (max threshold 15)
[2025-02-28T07:40:02.995+0000][208][info ][gc,phases   ] GC(3)   Pre Evacuate Collection Set: 0.25ms
[2025-02-28T07:40:02.995+0000][208][info ][gc,phases   ] GC(3)   Merge Heap Roots: 0.21ms
[2025-02-28T07:40:02.995+0000][208][info ][gc,phases   ] GC(3)   Evacuate Collection Set: 2.05ms
[2025-02-28T07:40:02.995+0000][208][info ][gc,phases   ] GC(3)   Post Evacuate Collection Set: 1.59ms
[2025-02-28T07:40:02.996+0000][208][info ][gc,phases   ] GC(3)   Other: 0.46ms
[2025-02-28T07:40:02.996+0000][208][trace][gc,age      ] GC(3) Age table:
[2025-02-28T07:40:02.996+0000][208][trace][gc,age      ] GC(3) - age   1:    1541272 bytes,    1541272 total
[2025-02-28T07:40:02.996+0000][208][trace][gc,age      ] GC(3) - age   2:    2591640 bytes,    4132912 total
[2025-02-28T07:40:02.996+0000][208][info ][gc,heap     ] GC(3) Eden regions: 9->0(33)
[2025-02-28T07:40:02.996+0000][208][info ][gc,heap     ] GC(3) Survivor regions: 1->2(3)
[2025-02-28T07:40:02.996+0000][208][info ][gc,heap     ] GC(3) Old regions: 4->4
[2025-02-28T07:40:02.997+0000][208][info ][gc,heap     ] GC(3) Humongous regions: 0->0
[2025-02-28T07:40:02.997+0000][208][info ][gc,metaspace] GC(3) Metaspace: 20669K(21504K)->20669K(21504K) NonClass: 18352K(18816K)->18352K(18816K) Class: 2316K(2688K)->2316K(2688K)
[2025-02-28T07:40:02.997+0000][208][info ][gc          ] GC(3) Pause Young (Concurrent Start) (Metadata GC Threshold) 49M->15M(1024M) 7.006ms
[2025-02-28T07:40:02.997+0000][208][info ][gc,cpu      ] GC(3) User=0.06s Sys=0.00s Real=0.01s
[2025-02-28T07:40:02.997+0000][208][info ][gc          ] GC(4) Concurrent Mark Cycle
[2025-02-28T07:40:02.997+0000][208][info ][safepoint   ] Safepoint "CollectForMetadataAllocation", Time since last: 299759914 ns, Reaching safepoint: 4018 ns, At safepoint: 7410117 ns, Total: 7414135 ns
[2025-02-28T07:40:02.998+0000][208][info ][gc,marking  ] GC(4) Concurrent Scan Root Regions
[2025-02-28T07:40:03.001+0000][208][info ][gc,marking  ] GC(4) Concurrent Scan Root Regions 3.760ms
[2025-02-28T07:40:03.002+0000][208][info ][gc,marking  ] GC(4) Concurrent Mark
[2025-02-28T07:40:03.002+0000][208][info ][gc,marking  ] GC(4) Concurrent Mark From Roots
[2025-02-28T07:40:03.002+0000][208][info ][gc,task     ] GC(4) Using 3 workers of 3 for marking
[2025-02-28T07:40:03.008+0000][208][info ][gc,marking  ] GC(4) Concurrent Mark From Roots 6.584ms
[2025-02-28T07:40:03.009+0000][208][info ][gc,marking  ] GC(4) Concurrent Preclean
[2025-02-28T07:40:03.009+0000][208][info ][gc,marking  ] GC(4) Concurrent Preclean 0.364ms
[2025-02-28T07:40:03.009+0000][208][info ][gc,start    ] GC(4) Pause Remark
[2025-02-28T07:40:03.019+0000][208][info ][gc          ] GC(4) Pause Remark 17M->17M(1024M) 9.588ms
[2025-02-28T07:40:03.019+0000][208][info ][gc,cpu      ] GC(4) User=0.04s Sys=0.00s Real=0.01s
[2025-02-28T07:40:03.019+0000][208][info ][safepoint   ] Safepoint "G1PauseRemark", Time since last: 11866016 ns, Reaching safepoint: 92385 ns, At safepoint: 10127407 ns, Total: 10219792 ns
[2025-02-28T07:40:03.020+0000][208][info ][gc,marking  ] GC(4) Concurrent Mark 18.170ms
[2025-02-28T07:40:03.020+0000][208][info ][gc,marking  ] GC(4) Concurrent Rebuild Remembered Sets and Scrub Regions
[2025-02-28T07:40:03.023+0000][208][info ][gc,marking  ] GC(4) Concurrent Rebuild Remembered Sets and Scrub Regions 3.445ms
[2025-02-28T07:40:03.024+0000][208][info ][gc,start    ] GC(4) Pause Cleanup
[2025-02-28T07:40:03.024+0000][208][info ][gc          ] GC(4) Pause Cleanup 17M->17M(1024M) 0.213ms
[2025-02-28T07:40:03.024+0000][208][info ][gc,cpu      ] GC(4) User=0.00s Sys=0.00s Real=0.00s
[2025-02-28T07:40:03.025+0000][208][info ][safepoint   ] Safepoint "G1PauseCleanup", Time since last: 4356596 ns, Reaching safepoint: 201446 ns, At safepoint: 650135 ns, Total: 851581 ns
[2025-02-28T07:40:03.025+0000][208][info ][gc,marking  ] GC(4) Concurrent Clear Claimed Marks
[2025-02-28T07:40:03.025+0000][208][info ][gc,marking  ] GC(4) Concurrent Clear Claimed Marks 0.205ms
[2025-02-28T07:40:03.025+0000][208][info ][gc,marking  ] GC(4) Concurrent Cleanup for Next Mark
[2025-02-28T07:40:03.026+0000][208][info ][gc,marking  ] GC(4) Concurrent Cleanup for Next Mark 0.893ms
[2025-02-28T07:40:03.026+0000][208][info ][gc          ] GC(4) Concurrent Mark Cycle 29.250ms
[2025-02-28T07:40:03.625+0000][208][info ][gc,start    ] GC(5) Pause Young (Prepare Mixed) (G1 Evacuation Pause)
[2025-02-28T07:40:03.625+0000][208][info ][gc,task     ] GC(5) Using 13 workers of 13 for evacuation
[2025-02-28T07:40:03.625+0000][208][debug][gc,age      ] GC(5) Desired survivor size 10485760 bytes, new threshold 15 (max threshold 15)
[2025-02-28T07:40:03.630+0000][208][info ][gc,phases   ] GC(5)   Pre Evacuate Collection Set: 0.24ms
[2025-02-28T07:40:03.630+0000][208][info ][gc,phases   ] GC(5)   Merge Heap Roots: 0.21ms
[2025-02-28T07:40:03.630+0000][208][info ][gc,phases   ] GC(5)   Evacuate Collection Set: 3.34ms
[2025-02-28T07:40:03.630+0000][208][info ][gc,phases   ] GC(5)   Post Evacuate Collection Set: 0.69ms
[2025-02-28T07:40:03.630+0000][208][info ][gc,phases   ] GC(5)   Other: 0.40ms
[2025-02-28T07:40:03.630+0000][208][trace][gc,age      ] GC(5) Age table:
[2025-02-28T07:40:03.631+0000][208][trace][gc,age      ] GC(5) - age   1:    2186624 bytes,    2186624 total
[2025-02-28T07:40:03.631+0000][208][trace][gc,age      ] GC(5) - age   2:     718864 bytes,    2905488 total
[2025-02-28T07:40:03.631+0000][208][trace][gc,age      ] GC(5) - age   3:    2569256 bytes,    5474744 total
[2025-02-28T07:40:03.631+0000][208][info ][gc,heap     ] GC(5) Eden regions: 33->0(32)
[2025-02-28T07:40:03.631+0000][208][info ][gc,heap     ] GC(5) Survivor regions: 2->2(5)
[2025-02-28T07:40:03.631+0000][208][info ][gc,heap     ] GC(5) Old regions: 4->4
[2025-02-28T07:40:03.631+0000][208][info ][gc,heap     ] GC(5) Humongous regions: 0->0
[2025-02-28T07:40:03.631+0000][208][info ][gc,metaspace] GC(5) Metaspace: 23341K(24192K)->23341K(24192K) NonClass: 20699K(21184K)->20699K(21184K) Class: 2641K(3008K)->2641K(3008K)
[2025-02-28T07:40:03.631+0000][208][info ][gc          ] GC(5) Pause Young (Prepare Mixed) (G1 Evacuation Pause) 147M->16M(1024M) 6.619ms
[2025-02-28T07:40:03.631+0000][208][info ][gc,cpu      ] GC(5) User=0.02s Sys=0.00s Real=0.00s
[2025-02-28T07:40:03.632+0000][208][info ][safepoint   ] Safepoint "G1CollectForAllocation", Time since last: 599997899 ns, Reaching safepoint: 3797 ns, At safepoint: 6948820 ns, Total: 6952617 ns
[2025-02-28T07:40:04.091+0000][208][info ][gc,start    ] GC(6) Pause Young (Mixed) (G1 Evacuation Pause)
[2025-02-28T07:40:04.091+0000][208][info ][gc,task     ] GC(6) Using 13 workers of 13 for evacuation
[2025-02-28T07:40:04.091+0000][208][debug][gc,age      ] GC(6) Desired survivor size 10485760 bytes, new threshold 15 (max threshold 15)
[2025-02-28T07:40:04.099+0000][208][info ][gc,phases   ] GC(6)   Pre Evacuate Collection Set: 0.19ms
[2025-02-28T07:40:04.099+0000][208][info ][gc,phases   ] GC(6)   Merge Heap Roots: 0.11ms
[2025-02-28T07:40:04.099+0000][208][info ][gc,phases   ] GC(6)   Evacuate Collection Set: 5.51ms
[2025-02-28T07:40:04.099+0000][208][info ][gc,phases   ] GC(6)   Post Evacuate Collection Set: 1.33ms
[2025-02-28T07:40:04.100+0000][208][info ][gc,phases   ] GC(6)   Other: 0.46ms
[2025-02-28T07:40:04.100+0000][208][trace][gc,age      ] GC(6) Age table:
[2025-02-28T07:40:04.100+0000][208][trace][gc,age      ] GC(6) - age   1:    5094256 bytes,    5094256 total
[2025-02-28T07:40:04.100+0000][208][trace][gc,age      ] GC(6) - age   2:    2150096 bytes,    7244352 total
[2025-02-28T07:40:04.100+0000][208][trace][gc,age      ] GC(6) - age   3:     710160 bytes,    7954512 total
[2025-02-28T07:40:04.100+0000][208][trace][gc,age      ] GC(6) - age   4:    2568952 bytes,   10523464 total
[2025-02-28T07:40:04.101+0000][208][info ][gc,heap     ] GC(6) Eden regions: 32->0(39)
[2025-02-28T07:40:04.101+0000][208][info ][gc,heap     ] GC(6) Survivor regions: 2->3(5)
[2025-02-28T07:40:04.101+0000][208][info ][gc,heap     ] GC(6) Old regions: 4->3
[2025-02-28T07:40:04.101+0000][208][info ][gc,heap     ] GC(6) Humongous regions: 0->0
[2025-02-28T07:40:04.101+0000][208][info ][gc,metaspace] GC(6) Metaspace: 29093K(30016K)->29093K(30016K) NonClass: 25832K(26368K)->25832K(26368K) Class: 3261K(3648K)->3261K(3648K)
[2025-02-28T07:40:04.101+0000][208][info ][gc          ] GC(6) Pause Young (Mixed) (G1 Evacuation Pause) 144M->21M(1024M) 10.557ms
[2025-02-28T07:40:04.102+0000][208][info ][gc,cpu      ] GC(6) User=0.04s Sys=0.00s Real=0.01s
[2025-02-28T07:40:04.102+0000][208][info ][safepoint   ] Safepoint "G1CollectForAllocation", Time since last: 459089650 ns, Reaching safepoint: 97743 ns, At safepoint: 11051348 ns, Total: 11149091 ns
[2025-02-28T07:40:04.354+0000][208][info ][gc,start    ] GC(7) Pause Young (Normal) (G1 Evacuation Pause)
[2025-02-28T07:40:04.354+0000][208][info ][gc,task     ] GC(7) Using 13 workers of 13 for evacuation
[2025-02-28T07:40:04.354+0000][208][debug][gc,age      ] GC(7) Desired survivor size 12582912 bytes, new threshold 15 (max threshold 15)
[2025-02-28T07:40:04.358+0000][208][info ][gc,phases   ] GC(7)   Pre Evacuate Collection Set: 0.20ms
[2025-02-28T07:40:04.359+0000][208][info ][gc,phases   ] GC(7)   Merge Heap Roots: 0.14ms
[2025-02-28T07:40:04.359+0000][208][info ][gc,phases   ] GC(7)   Evacuate Collection Set: 2.82ms
[2025-02-28T07:40:04.359+0000][208][info ][gc,phases   ] GC(7)   Post Evacuate Collection Set: 0.70ms
[2025-02-28T07:40:04.359+0000][208][info ][gc,phases   ] GC(7)   Other: 0.29ms
[2025-02-28T07:40:04.359+0000][208][trace][gc,age      ] GC(7) Age table:
[2025-02-28T07:40:04.359+0000][208][trace][gc,age      ] GC(7) - age   1:    4625376 bytes,    4625376 total
[2025-02-28T07:40:04.359+0000][208][trace][gc,age      ] GC(7) - age   2:    2774240 bytes,    7399616 total
[2025-02-28T07:40:04.359+0000][208][trace][gc,age      ] GC(7) - age   3:    2149360 bytes,    9548976 total
[2025-02-28T07:40:04.359+0000][208][trace][gc,age      ] GC(7) - age   4:     708224 bytes,   10257200 total
[2025-02-28T07:40:04.360+0000][208][trace][gc,age      ] GC(7) - age   5:    2568920 bytes,   12826120 total
[2025-02-28T07:40:04.360+0000][208][info ][gc,heap     ] GC(7) Eden regions: 39->0(48)
[2025-02-28T07:40:04.360+0000][208][info ][gc,heap     ] GC(7) Survivor regions: 3->4(6)
[2025-02-28T07:40:04.360+0000][208][info ][gc,heap     ] GC(7) Old regions: 3->3
[2025-02-28T07:40:04.360+0000][208][info ][gc,heap     ] GC(7) Humongous regions: 0->0
[2025-02-28T07:40:04.360+0000][208][info ][gc,metaspace] GC(7) Metaspace: 30169K(31168K)->30169K(31168K) NonClass: 26730K(27328K)->26730K(27328K) Class: 3439K(3840K)->3439K(3840K)
[2025-02-28T07:40:04.360+0000][208][info ][gc          ] GC(7) Pause Young (Normal) (G1 Evacuation Pause) 177M->24M(1024M) 6.236ms
[2025-02-28T07:40:04.360+0000][208][info ][gc,cpu      ] GC(7) User=0.02s Sys=0.00s Real=0.00s
[2025-02-28T07:40:04.360+0000][208][info ][safepoint   ] Safepoint "G1CollectForAllocation", Time since last: 252091568 ns, Reaching safepoint: 3861 ns, At safepoint: 6442261 ns, Total: 6446122 ns
[2025-02-28T07:40:04.635+0000][208][info ][gc,start    ] GC(8) Pause Young (Normal) (G1 Evacuation Pause)
[2025-02-28T07:40:04.635+0000][208][info ][gc,task     ] GC(8) Using 13 workers of 13 for evacuation
[2025-02-28T07:40:04.636+0000][208][debug][gc,age      ] GC(8) Desired survivor size 14680064 bytes, new threshold 15 (max threshold 15)
[2025-02-28T07:40:04.640+0000][208][info ][gc,phases   ] GC(8)   Pre Evacuate Collection Set: 0.20ms
[2025-02-28T07:40:04.640+0000][208][info ][gc,phases   ] GC(8)   Merge Heap Roots: 0.11ms
[2025-02-28T07:40:04.640+0000][208][info ][gc,phases   ] GC(8)   Evacuate Collection Set: 2.74ms
[2025-02-28T07:40:04.640+0000][208][info ][gc,phases   ] GC(8)   Post Evacuate Collection Set: 1.00ms
[2025-02-28T07:40:04.641+0000][208][info ][gc,phases   ] GC(8)   Other: 0.38ms
[2025-02-28T07:40:04.641+0000][208][trace][gc,age      ] GC(8) Age table:
[2025-02-28T07:40:04.641+0000][208][trace][gc,age      ] GC(8) - age   1:    2914240 bytes,    2914240 total
[2025-02-28T07:40:04.641+0000][208][trace][gc,age      ] GC(8) - age   2:    2744856 bytes,    5659096 total
[2025-02-28T07:40:04.641+0000][208][trace][gc,age      ] GC(8) - age   3:    2774208 bytes,    8433304 total
[2025-02-28T07:40:04.641+0000][208][trace][gc,age      ] GC(8) - age   4:    2149024 bytes,   10582328 total
[2025-02-28T07:40:04.641+0000][208][trace][gc,age      ] GC(8) - age   5:     708224 bytes,   11290552 total
[2025-02-28T07:40:04.641+0000][208][trace][gc,age      ] GC(8) - age   6:    2568888 bytes,   13859440 total
[2025-02-28T07:40:04.642+0000][208][info ][gc,heap     ] GC(8) Eden regions: 48->0(62)
[2025-02-28T07:40:04.642+0000][208][info ][gc,heap     ] GC(8) Survivor regions: 4->4(7)
[2025-02-28T07:40:04.642+0000][208][info ][gc,heap     ] GC(8) Old regions: 3->3
[2025-02-28T07:40:04.642+0000][208][info ][gc,heap     ] GC(8) Humongous regions: 0->0
[2025-02-28T07:40:04.642+0000][208][info ][gc,metaspace] GC(8) Metaspace: 30593K(31616K)->30593K(31616K) NonClass: 27111K(27712K)->27111K(27712K) Class: 3482K(3904K)->3482K(3904K)
[2025-02-28T07:40:04.642+0000][208][info ][gc          ] GC(8) Pause Young (Normal) (G1 Evacuation Pause) 216M->25M(1024M) 7.258ms
[2025-02-28T07:40:04.643+0000][208][info ][gc,cpu      ] GC(8) User=0.03s Sys=0.00s Real=0.01s
[2025-02-28T07:40:04.643+0000][208][info ][safepoint   ] Safepoint "G1CollectForAllocation", Time since last: 274794721 ns, Reaching safepoint: 3677 ns, At safepoint: 7660910 ns, Total: 7664587 ns
[2025-02-28T07:40:04.891+0000][208][info ][gc,start    ] GC(9) Pause Young (Normal) (G1 Evacuation Pause)
[2025-02-28T07:40:04.891+0000][208][info ][gc,task     ] GC(9) Using 13 workers of 13 for evacuation
[2025-02-28T07:40:04.891+0000][208][debug][gc,age      ] GC(9) Desired survivor size 18874368 bytes, new threshold 15 (max threshold 15)
[2025-02-28T07:40:04.895+0000][208][info ][gc,phases   ] GC(9)   Pre Evacuate Collection Set: 0.21ms
[2025-02-28T07:40:04.895+0000][208][info ][gc,phases   ] GC(9)   Merge Heap Roots: 0.12ms
[2025-02-28T07:40:04.896+0000][208][info ][gc,phases   ] GC(9)   Evacuate Collection Set: 2.73ms
[2025-02-28T07:40:04.896+0000][208][info ][gc,phases   ] GC(9)   Post Evacuate Collection Set: 1.03ms
[2025-02-28T07:40:04.896+0000][208][info ][gc,phases   ] GC(9)   Other: 0.26ms
[2025-02-28T07:40:04.896+0000][208][trace][gc,age      ] GC(9) Age table:
[2025-02-28T07:40:04.896+0000][208][trace][gc,age      ] GC(9) - age   1:    2720864 bytes,    2720864 total
[2025-02-28T07:40:04.896+0000][208][trace][gc,age      ] GC(9) - age   2:    2254000 bytes,    4974864 total
[2025-02-28T07:40:04.896+0000][208][trace][gc,age      ] GC(9) - age   3:    2741656 bytes,    7716520 total
[2025-02-28T07:40:04.896+0000][208][trace][gc,age      ] GC(9) - age   4:    2773824 bytes,   10490344 total
[2025-02-28T07:40:04.896+0000][208][trace][gc,age      ] GC(9) - age   5:    2148936 bytes,   12639280 total
[2025-02-28T07:40:04.896+0000][208][trace][gc,age      ] GC(9) - age   6:     708224 bytes,   13347504 total
[2025-02-28T07:40:04.897+0000][208][trace][gc,age      ] GC(9) - age   7:    2568888 bytes,   15916392 total
[2025-02-28T07:40:04.897+0000][208][info ][gc,heap     ] GC(9) Eden regions: 62->0(78)
[2025-02-28T07:40:04.897+0000][208][info ][gc,heap     ] GC(9) Survivor regions: 4->5(9)
[2025-02-28T07:40:04.897+0000][208][info ][gc,heap     ] GC(9) Old regions: 3->3
[2025-02-28T07:40:04.897+0000][208][info ][gc,heap     ] GC(9) Humongous regions: 0->0
[2025-02-28T07:40:04.897+0000][208][info ][gc,metaspace] GC(9) Metaspace: 31024K(32064K)->31024K(32064K) NonClass: 27481K(28096K)->27481K(28096K) Class: 3543K(3968K)->3543K(3968K)
[2025-02-28T07:40:04.897+0000][208][info ][gc          ] GC(9) Pause Young (Normal) (G1 Evacuation Pause) 273M->28M(1024M) 6.657ms
[2025-02-28T07:40:04.897+0000][208][info ][gc,cpu      ] GC(9) User=0.03s Sys=0.00s Real=0.01s
[2025-02-28T07:40:04.898+0000][208][info ][safepoint   ] Safepoint "G1CollectForAllocation", Time since last: 247687916 ns, Reaching safepoint: 3231 ns, At safepoint: 6978758 ns, Total: 6981989 ns
[2025-02-28T07:40:05.281+0000][208][info ][gc,start    ] GC(10) Pause Young (Concurrent Start) (Metadata GC Threshold)
[2025-02-28T07:40:05.282+0000][208][info ][gc,task     ] GC(10) Using 13 workers of 13 for evacuation
[2025-02-28T07:40:05.282+0000][208][debug][gc,age      ] GC(10) Desired survivor size 23068672 bytes, new threshold 15 (max threshold 15)
[2025-02-28T07:40:05.288+0000][208][info ][gc,phases   ] GC(10)   Pre Evacuate Collection Set: 0.26ms
[2025-02-28T07:40:05.288+0000][208][info ][gc,phases   ] GC(10)   Merge Heap Roots: 0.15ms
[2025-02-28T07:40:05.288+0000][208][info ][gc,phases   ] GC(10)   Evacuate Collection Set: 4.26ms
[2025-02-28T07:40:05.288+0000][208][info ][gc,phases   ] GC(10)   Post Evacuate Collection Set: 1.00ms
[2025-02-28T07:40:05.288+0000][208][info ][gc,phases   ] GC(10)   Other: 0.45ms
[2025-02-28T07:40:05.289+0000][208][trace][gc,age      ] GC(10) Age table:
[2025-02-28T07:40:05.289+0000][208][trace][gc,age      ] GC(10) - age   1:    3400072 bytes,    3400072 total
[2025-02-28T07:40:05.289+0000][208][trace][gc,age      ] GC(10) - age   2:    1695152 bytes,    5095224 total
[2025-02-28T07:40:05.289+0000][208][trace][gc,age      ] GC(10) - age   3:    2253968 bytes,    7349192 total
[2025-02-28T07:40:05.289+0000][208][trace][gc,age      ] GC(10) - age   4:    2738728 bytes,   10087920 total
[2025-02-28T07:40:05.289+0000][208][trace][gc,age      ] GC(10) - age   5:    2772608 bytes,   12860528 total
[2025-02-28T07:40:05.289+0000][208][trace][gc,age      ] GC(10) - age   6:    2148760 bytes,   15009288 total
[2025-02-28T07:40:05.289+0000][208][trace][gc,age      ] GC(10) - age   7:     708224 bytes,   15717512 total
[2025-02-28T07:40:05.289+0000][208][trace][gc,age      ] GC(10) - age   8:    2568248 bytes,   18285760 total
[2025-02-28T07:40:05.289+0000][208][info ][gc,heap     ] GC(10) Eden regions: 33->0(125)
[2025-02-28T07:40:05.289+0000][208][info ][gc,heap     ] GC(10) Survivor regions: 5->5(11)
[2025-02-28T07:40:05.289+0000][208][info ][gc,heap     ] GC(10) Old regions: 3->3
[2025-02-28T07:40:05.290+0000][208][info ][gc,heap     ] GC(10) Humongous regions: 0->0
[2025-02-28T07:40:05.290+0000][208][info ][gc,metaspace] GC(10) Metaspace: 34849K(35968K)->34849K(35968K) NonClass: 30927K(31552K)->30927K(31552K) Class: 3921K(4416K)->3921K(4416K)
[2025-02-28T07:40:05.290+0000][208][info ][gc          ] GC(10) Pause Young (Concurrent Start) (Metadata GC Threshold) 158M->30M(1024M) 8.299ms
[2025-02-28T07:40:05.290+0000][208][info ][gc,cpu      ] GC(10) User=0.02s Sys=0.00s Real=0.01s
[2025-02-28T07:40:05.290+0000][208][info ][gc          ] GC(11) Concurrent Mark Cycle
[2025-02-28T07:40:05.290+0000][208][info ][safepoint   ] Safepoint "CollectForMetadataAllocation", Time since last: 383881937 ns, Reaching safepoint: 4826 ns, At safepoint: 8563858 ns, Total: 8568684 ns
[2025-02-28T07:40:05.290+0000][208][info ][gc,marking  ] GC(11) Concurrent Scan Root Regions
[2025-02-28T07:40:05.293+0000][208][info ][gc,marking  ] GC(11) Concurrent Scan Root Regions 3.191ms
[2025-02-28T07:40:05.294+0000][208][info ][gc,marking  ] GC(11) Concurrent Mark
[2025-02-28T07:40:05.294+0000][208][info ][gc,marking  ] GC(11) Concurrent Mark From Roots
[2025-02-28T07:40:05.294+0000][208][info ][gc,task     ] GC(11) Using 3 workers of 3 for marking
[2025-02-28T07:40:05.300+0000][208][info ][gc,marking  ] GC(11) Concurrent Mark From Roots 6.303ms
[2025-02-28T07:40:05.300+0000][208][info ][gc,marking  ] GC(11) Concurrent Preclean
[2025-02-28T07:40:05.301+0000][208][info ][gc,marking  ] GC(11) Concurrent Preclean 0.204ms
[2025-02-28T07:40:05.301+0000][208][info ][gc,start    ] GC(11) Pause Remark
[2025-02-28T07:40:05.305+0000][208][info ][gc          ] GC(11) Pause Remark 32M->32M(1024M) 3.951ms
[2025-02-28T07:40:05.305+0000][208][info ][gc,cpu      ] GC(11) User=0.01s Sys=0.00s Real=0.01s
[2025-02-28T07:40:05.305+0000][208][info ][safepoint   ] Safepoint "G1PauseRemark", Time since last: 10822399 ns, Reaching safepoint: 122540 ns, At safepoint: 4412164 ns, Total: 4534704 ns
[2025-02-28T07:40:05.306+0000][208][info ][gc,marking  ] GC(11) Concurrent Mark 11.891ms
[2025-02-28T07:40:05.306+0000][208][info ][gc,marking  ] GC(11) Concurrent Rebuild Remembered Sets and Scrub Regions
[2025-02-28T07:40:05.308+0000][208][info ][gc,marking  ] GC(11) Concurrent Rebuild Remembered Sets and Scrub Regions 2.001ms
[2025-02-28T07:40:05.308+0000][208][info ][gc,start    ] GC(11) Pause Cleanup
[2025-02-28T07:40:05.308+0000][208][info ][gc          ] GC(11) Pause Cleanup 32M->32M(1024M) 0.123ms
[2025-02-28T07:40:05.308+0000][208][info ][gc,cpu      ] GC(11) User=0.00s Sys=0.00s Real=0.00s
[2025-02-28T07:40:05.308+0000][208][info ][safepoint   ] Safepoint "G1PauseCleanup", Time since last: 2562171 ns, Reaching safepoint: 156129 ns, At safepoint: 395564 ns, Total: 551693 ns
[2025-02-28T07:40:05.309+0000][208][info ][gc,marking  ] GC(11) Concurrent Clear Claimed Marks
[2025-02-28T07:40:05.309+0000][208][info ][gc,marking  ] GC(11) Concurrent Clear Claimed Marks 0.183ms
[2025-02-28T07:40:05.309+0000][208][info ][gc,marking  ] GC(11) Concurrent Cleanup for Next Mark
[2025-02-28T07:40:05.310+0000][208][info ][gc,marking  ] GC(11) Concurrent Cleanup for Next Mark 0.693ms
[2025-02-28T07:40:05.310+0000][208][info ][gc          ] GC(11) Concurrent Mark Cycle 19.845ms
[2025-02-28T07:40:05.961+0000][208][info ][gc,start    ] GC(12) Pause Young (Normal) (G1 Evacuation Pause)
[2025-02-28T07:40:05.961+0000][208][info ][gc,task     ] GC(12) Using 13 workers of 13 for evacuation
[2025-02-28T07:40:05.961+0000][208][debug][gc,age      ] GC(12) Desired survivor size 35651584 bytes, new threshold 15 (max threshold 15)
[2025-02-28T07:40:05.968+0000][208][info ][gc,phases   ] GC(12)   Pre Evacuate Collection Set: 0.32ms
[2025-02-28T07:40:05.968+0000][208][info ][gc,phases   ] GC(12)   Merge Heap Roots: 0.25ms
[2025-02-28T07:40:05.968+0000][208][info ][gc,phases   ] GC(12)   Evacuate Collection Set: 4.16ms
[2025-02-28T07:40:05.969+0000][208][info ][gc,phases   ] GC(12)   Post Evacuate Collection Set: 1.44ms
[2025-02-28T07:40:05.969+0000][208][info ][gc,phases   ] GC(12)   Other: 0.41ms
[2025-02-28T07:40:05.969+0000][208][trace][gc,age      ] GC(12) Age table:
[2025-02-28T07:40:05.969+0000][208][trace][gc,age      ] GC(12) - age   1:    7469592 bytes,    7469592 total
[2025-02-28T07:40:05.969+0000][208][trace][gc,age      ] GC(12) - age   2:    3370824 bytes,   10840416 total
[2025-02-28T07:40:05.969+0000][208][trace][gc,age      ] GC(12) - age   3:    1694264 bytes,   12534680 total
[2025-02-28T07:40:05.969+0000][208][trace][gc,age      ] GC(12) - age   4:    2252304 bytes,   14786984 total
[2025-02-28T07:40:05.970+0000][208][trace][gc,age      ] GC(12) - age   5:    2734592 bytes,   17521576 total
[2025-02-28T07:40:05.970+0000][208][trace][gc,age      ] GC(12) - age   6:    2772112 bytes,   20293688 total
[2025-02-28T07:40:05.970+0000][208][trace][gc,age      ] GC(12) - age   7:    2147840 bytes,   22441528 total
[2025-02-28T07:40:05.970+0000][208][trace][gc,age      ] GC(12) - age   8:     706480 bytes,   23148008 total
[2025-02-28T07:40:05.970+0000][208][trace][gc,age      ] GC(12) - age   9:    2565240 bytes,   25713248 total
[2025-02-28T07:40:05.970+0000][208][info ][gc,heap     ] GC(12) Eden regions: 125->0(117)
[2025-02-28T07:40:05.970+0000][208][info ][gc,heap     ] GC(12) Survivor regions: 5->7(17)
[2025-02-28T07:40:05.971+0000][208][info ][gc,heap     ] GC(12) Old regions: 3->3
[2025-02-28T07:40:05.971+0000][208][info ][gc,heap     ] GC(12) Humongous regions: 0->0
[2025-02-28T07:40:05.971+0000][208][info ][gc,metaspace] GC(12) Metaspace: 39123K(40320K)->39123K(40320K) NonClass: 34604K(35328K)->34604K(35328K) Class: 4518K(4992K)->4518K(4992K)
[2025-02-28T07:40:05.971+0000][208][info ][gc          ] GC(12) Pause Young (Normal) (G1 Evacuation Pause) 530M->38M(1024M) 10.154ms
[2025-02-28T07:40:05.971+0000][208][info ][gc,cpu      ] GC(12) User=0.05s Sys=0.02s Real=0.01s
[2025-02-28T07:40:05.971+0000][208][info ][safepoint   ] Safepoint "G1CollectForAllocation", Time since last: 652509397 ns, Reaching safepoint: 4859 ns, At safepoint: 10445617 ns, Total: 10450476 ns
[2025-02-28T07:40:06.625+0000][208][info ][gc,start    ] GC(13) Pause Young (Normal) (G1 Evacuation Pause)
[2025-02-28T07:40:06.625+0000][208][info ][gc,task     ] GC(13) Using 13 workers of 13 for evacuation
[2025-02-28T07:40:06.625+0000][208][debug][gc,age      ] GC(13) Desired survivor size 33554432 bytes, new threshold 15 (max threshold 15)
[2025-02-28T07:40:06.631+0000][208][info ][gc,phases   ] GC(13)   Pre Evacuate Collection Set: 0.15ms
[2025-02-28T07:40:06.632+0000][208][info ][gc,phases   ] GC(13)   Merge Heap Roots: 0.11ms
[2025-02-28T07:40:06.632+0000][208][info ][gc,phases   ] GC(13)   Evacuate Collection Set: 4.59ms
[2025-02-28T07:40:06.632+0000][208][info ][gc,phases   ] GC(13)   Post Evacuate Collection Set: 0.84ms
[2025-02-28T07:40:06.632+0000][208][info ][gc,phases   ] GC(13)   Other: 0.27ms
[2025-02-28T07:40:06.632+0000][208][trace][gc,age      ] GC(13) Age table:
[2025-02-28T07:40:06.632+0000][208][trace][gc,age      ] GC(13) - age   1:    7092584 bytes,    7092584 total
[2025-02-28T07:40:06.632+0000][208][trace][gc,age      ] GC(13) - age   2:    6813440 bytes,   13906024 total
[2025-02-28T07:40:06.632+0000][208][trace][gc,age      ] GC(13) - age   3:    3370792 bytes,   17276816 total
[2025-02-28T07:40:06.632+0000][208][trace][gc,age      ] GC(13) - age   4:    1691672 bytes,   18968488 total
[2025-02-28T07:40:06.632+0000][208][trace][gc,age      ] GC(13) - age   5:    2251776 bytes,   21220264 total
[2025-02-28T07:40:06.632+0000][208][trace][gc,age      ] GC(13) - age   6:    2733672 bytes,   23953936 total
[2025-02-28T07:40:06.632+0000][208][trace][gc,age      ] GC(13) - age   7:    2770224 bytes,   26724160 total
[2025-02-28T07:40:06.632+0000][208][trace][gc,age      ] GC(13) - age   8:    2113848 bytes,   28838008 total
[2025-02-28T07:40:06.633+0000][208][trace][gc,age      ] GC(13) - age   9:     706064 bytes,   29544072 total
[2025-02-28T07:40:06.633+0000][208][trace][gc,age      ] GC(13) - age  10:    2564088 bytes,   32108160 total
[2025-02-28T07:40:06.633+0000][208][info ][gc,heap     ] GC(13) Eden regions: 117->0(144)
[2025-02-28T07:40:06.633+0000][208][info ][gc,heap     ] GC(13) Survivor regions: 7->9(16)
[2025-02-28T07:40:06.633+0000][208][info ][gc,heap     ] GC(13) Old regions: 3->3
[2025-02-28T07:40:06.633+0000][208][info ][gc,heap     ] GC(13) Humongous regions: 0->0
[2025-02-28T07:40:06.633+0000][208][info ][gc,metaspace] GC(13) Metaspace: 40341K(41664K)->40341K(41664K) NonClass: 35620K(36416K)->35620K(36416K) Class: 4720K(5248K)->4720K(5248K)
[2025-02-28T07:40:06.633+0000][208][info ][gc          ] GC(13) Pause Young (Normal) (G1 Evacuation Pause) 506M->46M(1024M) 7.890ms
[2025-02-28T07:40:06.633+0000][208][info ][gc,cpu      ] GC(13) User=0.05s Sys=0.00s Real=0.01s
[2025-02-28T07:40:06.633+0000][208][info ][safepoint   ] Safepoint "G1CollectForAllocation", Time since last: 653734335 ns, Reaching safepoint: 3191 ns, At safepoint: 8075640 ns, Total: 8078831 ns
[2025-02-28T07:40:08.007+0000][208][info ][gc,start    ] GC(14) Pause Young (Concurrent Start) (Metadata GC Threshold)
[2025-02-28T07:40:08.007+0000][208][info ][gc,task     ] GC(14) Using 13 workers of 13 for evacuation
[2025-02-28T07:40:08.007+0000][208][debug][gc,age      ] GC(14) Desired survivor size 41943040 bytes, new threshold 15 (max threshold 15)
[2025-02-28T07:40:08.015+0000][208][info ][gc,phases   ] GC(14)   Pre Evacuate Collection Set: 0.20ms
[2025-02-28T07:40:08.016+0000][208][info ][gc,phases   ] GC(14)   Merge Heap Roots: 0.11ms
[2025-02-28T07:40:08.016+0000][208][info ][gc,phases   ] GC(14)   Evacuate Collection Set: 6.52ms
[2025-02-28T07:40:08.016+0000][208][info ][gc,phases   ] GC(14)   Post Evacuate Collection Set: 1.11ms
[2025-02-28T07:40:08.016+0000][208][info ][gc,phases   ] GC(14)   Other: 0.28ms
[2025-02-28T07:40:08.016+0000][208][trace][gc,age      ] GC(14) Age table:
[2025-02-28T07:40:08.016+0000][208][trace][gc,age      ] GC(14) - age   1:    6291336 bytes,    6291336 total
[2025-02-28T07:40:08.016+0000][208][trace][gc,age      ] GC(14) - age   2:    7044728 bytes,   13336064 total
[2025-02-28T07:40:08.016+0000][208][trace][gc,age      ] GC(14) - age   3:    6762824 bytes,   20098888 total
[2025-02-28T07:40:08.016+0000][208][trace][gc,age      ] GC(14) - age   4:    3354936 bytes,   23453824 total
[2025-02-28T07:40:08.016+0000][208][trace][gc,age      ] GC(14) - age   5:    1681704 bytes,   25135528 total
[2025-02-28T07:40:08.016+0000][208][trace][gc,age      ] GC(14) - age   6:    2241904 bytes,   27377432 total
[2025-02-28T07:40:08.016+0000][208][trace][gc,age      ] GC(14) - age   7:    2720872 bytes,   30098304 total
[2025-02-28T07:40:08.016+0000][208][trace][gc,age      ] GC(14) - age   8:    2763056 bytes,   32861360 total
[2025-02-28T07:40:08.017+0000][208][trace][gc,age      ] GC(14) - age   9:    1944784 bytes,   34806144 total
[2025-02-28T07:40:08.017+0000][208][trace][gc,age      ] GC(14) - age  10:     702248 bytes,   35508392 total
[2025-02-28T07:40:08.017+0000][208][trace][gc,age      ] GC(14) - age  11:    2540136 bytes,   38048528 total
[2025-02-28T07:40:08.017+0000][208][info ][gc,heap     ] GC(14) Eden regions: 83->0(142)
[2025-02-28T07:40:08.017+0000][208][info ][gc,heap     ] GC(14) Survivor regions: 9->11(20)
[2025-02-28T07:40:08.017+0000][208][info ][gc,heap     ] GC(14) Old regions: 3->3
[2025-02-28T07:40:08.017+0000][208][info ][gc,heap     ] GC(14) Humongous regions: 0->0
[2025-02-28T07:40:08.017+0000][208][info ][gc,metaspace] GC(14) Metaspace: 58682K(60288K)->58682K(60288K) NonClass: 51476K(52416K)->51476K(52416K) Class: 7206K(7872K)->7206K(7872K)
[2025-02-28T07:40:08.017+0000][208][info ][gc          ] GC(14) Pause Young (Concurrent Start) (Metadata GC Threshold) 376M->51M(1024M) 10.230ms
[2025-02-28T07:40:08.017+0000][208][info ][gc,cpu      ] GC(14) User=0.06s Sys=0.02s Real=0.01s
[2025-02-28T07:40:08.017+0000][208][info ][gc          ] GC(15) Concurrent Mark Cycle
[2025-02-28T07:40:08.017+0000][208][info ][safepoint   ] Safepoint "CollectForMetadataAllocation", Time since last: 1373629452 ns, Reaching safepoint: 3224 ns, At safepoint: 10460165 ns, Total: 10463389 ns
[2025-02-28T07:40:08.017+0000][208][info ][gc,marking  ] GC(15) Concurrent Scan Root Regions
[2025-02-28T07:40:08.022+0000][208][info ][gc,marking  ] GC(15) Concurrent Scan Root Regions 4.252ms
[2025-02-28T07:40:08.022+0000][208][info ][gc,marking  ] GC(15) Concurrent Mark
[2025-02-28T07:40:08.022+0000][208][info ][gc,marking  ] GC(15) Concurrent Mark From Roots
[2025-02-28T07:40:08.022+0000][208][info ][gc,task     ] GC(15) Using 3 workers of 3 for marking
[2025-02-28T07:40:08.027+0000][208][info ][gc,marking  ] GC(15) Concurrent Mark From Roots 4.677ms
[2025-02-28T07:40:08.027+0000][208][info ][gc,marking  ] GC(15) Concurrent Preclean
[2025-02-28T07:40:08.027+0000][208][info ][gc,marking  ] GC(15) Concurrent Preclean 0.215ms
[2025-02-28T07:40:08.027+0000][208][info ][gc,start    ] GC(15) Pause Remark
[2025-02-28T07:40:08.031+0000][208][info ][gc          ] GC(15) Pause Remark 53M->53M(1024M) 3.433ms
[2025-02-28T07:40:08.031+0000][208][info ][gc,cpu      ] GC(15) User=0.01s Sys=0.00s Real=0.00s
[2025-02-28T07:40:08.031+0000][208][info ][safepoint   ] Safepoint "G1PauseRemark", Time since last: 10019520 ns, Reaching safepoint: 94485 ns, At safepoint: 3856502 ns, Total: 3950987 ns
[2025-02-28T07:40:08.031+0000][208][info ][gc,marking  ] GC(15) Concurrent Mark 9.612ms
[2025-02-28T07:40:08.032+0000][208][info ][gc,marking  ] GC(15) Concurrent Rebuild Remembered Sets and Scrub Regions
[2025-02-28T07:40:08.034+0000][208][info ][gc,marking  ] GC(15) Concurrent Rebuild Remembered Sets and Scrub Regions 2.065ms
[2025-02-28T07:40:08.034+0000][208][info ][gc,start    ] GC(15) Pause Cleanup
[2025-02-28T07:40:08.034+0000][208][info ][gc          ] GC(15) Pause Cleanup 53M->53M(1024M) 0.166ms
[2025-02-28T07:40:08.034+0000][208][info ][gc,cpu      ] GC(15) User=0.00s Sys=0.00s Real=0.00s
[2025-02-28T07:40:08.034+0000][208][info ][safepoint   ] Safepoint "G1PauseCleanup", Time since last: 2699598 ns, Reaching safepoint: 93294 ns, At safepoint: 390527 ns, Total: 483821 ns
[2025-02-28T07:40:08.035+0000][208][info ][gc,marking  ] GC(15) Concurrent Clear Claimed Marks
[2025-02-28T07:40:08.035+0000][208][info ][gc,marking  ] GC(15) Concurrent Clear Claimed Marks 0.239ms
[2025-02-28T07:40:08.035+0000][208][info ][gc,marking  ] GC(15) Concurrent Cleanup for Next Mark
[2025-02-28T07:40:08.036+0000][208][info ][gc,marking  ] GC(15) Concurrent Cleanup for Next Mark 1.071ms
[2025-02-28T07:40:08.036+0000][208][info ][gc          ] GC(15) Concurrent Mark Cycle 19.210ms
[2025-02-28T07:40:09.926+0000][208][info ][gc,start    ] GC(16) Pause Young (Normal) (G1 Evacuation Pause)
[2025-02-28T07:40:09.926+0000][208][info ][gc,task     ] GC(16) Using 13 workers of 13 for evacuation
[2025-02-28T07:40:09.926+0000][208][debug][gc,age      ] GC(16) Desired survivor size 41943040 bytes, new threshold 15 (max threshold 15)
[2025-02-28T07:40:09.936+0000][208][info ][gc,phases   ] GC(16)   Pre Evacuate Collection Set: 0.16ms
[2025-02-28T07:40:09.936+0000][208][info ][gc,phases   ] GC(16)   Merge Heap Roots: 0.12ms
[2025-02-28T07:40:09.936+0000][208][info ][gc,phases   ] GC(16)   Evacuate Collection Set: 8.36ms
[2025-02-28T07:40:09.937+0000][208][info ][gc,phases   ] GC(16)   Post Evacuate Collection Set: 1.63ms
[2025-02-28T07:40:09.937+0000][208][info ][gc,phases   ] GC(16)   Other: 0.23ms
[2025-02-28T07:40:09.937+0000][208][trace][gc,age      ] GC(16) Age table:
[2025-02-28T07:40:09.937+0000][208][trace][gc,age      ] GC(16) - age   1:   11828496 bytes,   11828496 total
[2025-02-28T07:40:09.937+0000][208][trace][gc,age      ] GC(16) - age   2:    5914752 bytes,   17743248 total
[2025-02-28T07:40:09.937+0000][208][trace][gc,age      ] GC(16) - age   3:    6910752 bytes,   24654000 total
[2025-02-28T07:40:09.937+0000][208][trace][gc,age      ] GC(16) - age   4:    6751320 bytes,   31405320 total
[2025-02-28T07:40:09.937+0000][208][trace][gc,age      ] GC(16) - age   5:    3350536 bytes,   34755856 total
[2025-02-28T07:40:09.937+0000][208][trace][gc,age      ] GC(16) - age   6:    1673848 bytes,   36429704 total
[2025-02-28T07:40:09.937+0000][208][trace][gc,age      ] GC(16) - age   7:    2237032 bytes,   38666736 total
[2025-02-28T07:40:09.937+0000][208][trace][gc,age      ] GC(16) - age   8:    2710984 bytes,   41377720 total
[2025-02-28T07:40:09.937+0000][208][trace][gc,age      ] GC(16) - age   9:    2743960 bytes,   44121680 total
[2025-02-28T07:40:09.937+0000][208][trace][gc,age      ] GC(16) - age  10:    1937936 bytes,   46059616 total
[2025-02-28T07:40:09.937+0000][208][trace][gc,age      ] GC(16) - age  11:     698792 bytes,   46758408 total
[2025-02-28T07:40:09.937+0000][208][trace][gc,age      ] GC(16) - age  12:    2528968 bytes,   49287376 total
[2025-02-28T07:40:09.938+0000][208][info ][gc,heap     ] GC(16) Eden regions: 142->0(139)
[2025-02-28T07:40:09.938+0000][208][info ][gc,heap     ] GC(16) Survivor regions: 11->14(20)
[2025-02-28T07:40:09.938+0000][208][info ][gc,heap     ] GC(16) Old regions: 3->3
[2025-02-28T07:40:09.938+0000][208][info ][gc,heap     ] GC(16) Humongous regions: 0->0
[2025-02-28T07:40:09.938+0000][208][info ][gc,metaspace] GC(16) Metaspace: 77995K(80000K)->77995K(80000K) NonClass: 67522K(68672K)->67522K(68672K) Class: 10473K(11328K)->10473K(11328K)
[2025-02-28T07:40:09.938+0000][208][info ][gc          ] GC(16) Pause Young (Normal) (G1 Evacuation Pause) 619M->63M(1024M) 12.301ms
[2025-02-28T07:40:09.938+0000][208][info ][gc,cpu      ] GC(16) User=0.10s Sys=0.01s Real=0.01s
[2025-02-28T07:40:09.938+0000][208][info ][safepoint   ] Safepoint "G1CollectForAllocation", Time since last: 1891076279 ns, Reaching safepoint: 3580 ns, At safepoint: 12477219 ns, Total: 12480799 ns
[2025-02-28T07:40:11.328+0000][208][info ][gc,start    ] GC(17) Pause Young (Concurrent Start) (Metadata GC Threshold)
[2025-02-28T07:40:11.329+0000][208][info ][gc,task     ] GC(17) Using 13 workers of 13 for evacuation
[2025-02-28T07:40:11.329+0000][208][debug][gc,age      ] GC(17) Desired survivor size 41943040 bytes, new threshold 9 (max threshold 15)
[2025-02-28T07:40:11.343+0000][208][info ][gc,phases   ] GC(17)   Pre Evacuate Collection Set: 0.19ms
[2025-02-28T07:40:11.343+0000][208][info ][gc,phases   ] GC(17)   Merge Heap Roots: 0.11ms
[2025-02-28T07:40:11.343+0000][208][info ][gc,phases   ] GC(17)   Evacuate Collection Set: 11.62ms
[2025-02-28T07:40:11.343+0000][208][info ][gc,phases   ] GC(17)   Post Evacuate Collection Set: 1.74ms
[2025-02-28T07:40:11.343+0000][208][info ][gc,phases   ] GC(17)   Other: 0.23ms
[2025-02-28T07:40:11.343+0000][208][trace][gc,age      ] GC(17) Age table:
[2025-02-28T07:40:11.343+0000][208][trace][gc,age      ] GC(17) - age   1:    9623760 bytes,    9623760 total
[2025-02-28T07:40:11.343+0000][208][trace][gc,age      ] GC(17) - age   2:   11293232 bytes,   20916992 total
[2025-02-28T07:40:11.343+0000][208][trace][gc,age      ] GC(17) - age   3:    5777712 bytes,   26694704 total
[2025-02-28T07:40:11.343+0000][208][trace][gc,age      ] GC(17) - age   4:    6899320 bytes,   33594024 total
[2025-02-28T07:40:11.343+0000][208][trace][gc,age      ] GC(17) - age   5:    6733376 bytes,   40327400 total
[2025-02-28T07:40:11.343+0000][208][trace][gc,age      ] GC(17) - age   6:    3340384 bytes,   43667784 total
[2025-02-28T07:40:11.343+0000][208][trace][gc,age      ] GC(17) - age   7:    1670576 bytes,   45338360 total
[2025-02-28T07:40:11.343+0000][208][trace][gc,age      ] GC(17) - age   8:    2233936 bytes,   47572296 total
[2025-02-28T07:40:11.344+0000][208][trace][gc,age      ] GC(17) - age   9:    2709432 bytes,   50281728 total
[2025-02-28T07:40:11.344+0000][208][info ][gc,heap     ] GC(17) Eden regions: 104->0(139)
[2025-02-28T07:40:11.344+0000][208][info ][gc,heap     ] GC(17) Survivor regions: 14->14(20)
[2025-02-28T07:40:11.344+0000][208][info ][gc,heap     ] GC(17) Old regions: 3->5
[2025-02-28T07:40:11.344+0000][208][info ][gc,heap     ] GC(17) Humongous regions: 0->0
[2025-02-28T07:40:11.344+0000][208][info ][gc,metaspace] GC(17) Metaspace: 98814K(100928K)->98814K(100928K) NonClass: 85335K(86528K)->85335K(86528K) Class: 13478K(14400K)->13478K(14400K)
[2025-02-28T07:40:11.344+0000][208][info ][gc          ] GC(17) Pause Young (Concurrent Start) (Metadata GC Threshold) 479M->72M(1024M) 15.485ms
[2025-02-28T07:40:11.344+0000][208][info ][gc,cpu      ] GC(17) User=0.12s Sys=0.00s Real=0.02s
[2025-02-28T07:40:11.344+0000][208][info ][gc          ] GC(18) Concurrent Mark Cycle
[2025-02-28T07:40:11.344+0000][208][info ][gc,marking  ] GC(18) Concurrent Scan Root Regions
[2025-02-28T07:40:11.344+0000][208][info ][safepoint   ] Safepoint "CollectForMetadataAllocation", Time since last: 1390389842 ns, Reaching safepoint: 3185 ns, At safepoint: 15689618 ns, Total: 15692803 ns
[2025-02-28T07:40:11.352+0000][208][info ][gc,marking  ] GC(18) Concurrent Scan Root Regions 7.473ms
[2025-02-28T07:40:11.352+0000][208][info ][gc,marking  ] GC(18) Concurrent Mark
[2025-02-28T07:40:11.352+0000][208][info ][gc,marking  ] GC(18) Concurrent Mark From Roots
[2025-02-28T07:40:11.352+0000][208][info ][gc,task     ] GC(18) Using 3 workers of 3 for marking
[2025-02-28T07:40:11.356+0000][208][info ][gc,marking  ] GC(18) Concurrent Mark From Roots 4.392ms
[2025-02-28T07:40:11.356+0000][208][info ][gc,marking  ] GC(18) Concurrent Preclean
[2025-02-28T07:40:11.357+0000][208][info ][gc,marking  ] GC(18) Concurrent Preclean 0.126ms
[2025-02-28T07:40:11.357+0000][208][info ][gc,start    ] GC(18) Pause Remark
[2025-02-28T07:40:11.360+0000][208][info ][gc          ] GC(18) Pause Remark 75M->75M(1024M) 2.993ms
[2025-02-28T07:40:11.360+0000][208][info ][gc,cpu      ] GC(18) User=0.02s Sys=0.00s Real=0.00s
[2025-02-28T07:40:11.360+0000][208][info ][safepoint   ] Safepoint "G1PauseRemark", Time since last: 12572198 ns, Reaching safepoint: 148638 ns, At safepoint: 3286483 ns, Total: 3435121 ns
[2025-02-28T07:40:11.360+0000][208][info ][gc,marking  ] GC(18) Concurrent Mark 8.417ms
[2025-02-28T07:40:11.360+0000][208][info ][gc,marking  ] GC(18) Concurrent Rebuild Remembered Sets and Scrub Regions
[2025-02-28T07:40:11.363+0000][208][info ][gc,marking  ] GC(18) Concurrent Rebuild Remembered Sets and Scrub Regions 2.512ms
[2025-02-28T07:40:11.363+0000][208][info ][gc,start    ] GC(18) Pause Cleanup
[2025-02-28T07:40:11.363+0000][208][info ][gc          ] GC(18) Pause Cleanup 76M->76M(1024M) 0.100ms
[2025-02-28T07:40:11.363+0000][208][info ][gc,cpu      ] GC(18) User=0.00s Sys=0.00s Real=0.00s
[2025-02-28T07:40:11.363+0000][208][info ][safepoint   ] Safepoint "G1PauseCleanup", Time since last: 2885997 ns, Reaching safepoint: 81131 ns, At safepoint: 276174 ns, Total: 357305 ns
[2025-02-28T07:40:11.363+0000][208][info ][gc,marking  ] GC(18) Concurrent Clear Claimed Marks
[2025-02-28T07:40:11.364+0000][208][info ][gc,marking  ] GC(18) Concurrent Clear Claimed Marks 0.201ms
[2025-02-28T07:40:11.364+0000][208][info ][gc,marking  ] GC(18) Concurrent Cleanup for Next Mark
[2025-02-28T07:40:11.364+0000][208][info ][gc,marking  ] GC(18) Concurrent Cleanup for Next Mark 0.659ms
[2025-02-28T07:40:11.364+0000][208][info ][gc          ] GC(18) Concurrent Mark Cycle 20.521ms
[2025-02-28T07:42:50.507+0000][208][info ][gc,start    ] GC(19) Pause Young (Normal) (G1 Evacuation Pause)
[2025-02-28T07:42:50.508+0000][208][info ][gc,task     ] GC(19) Using 13 workers of 13 for evacuation
[2025-02-28T07:42:50.508+0000][208][debug][gc,age      ] GC(19) Desired survivor size 41943040 bytes, new threshold 6 (max threshold 15)
[2025-02-28T07:42:50.545+0000][208][info ][gc,phases   ] GC(19)   Pre Evacuate Collection Set: 0.33ms
[2025-02-28T07:42:50.545+0000][208][info ][gc,phases   ] GC(19)   Merge Heap Roots: 0.23ms
[2025-02-28T07:42:50.545+0000][208][info ][gc,phases   ] GC(19)   Evacuate Collection Set: 33.94ms
[2025-02-28T07:42:50.545+0000][208][info ][gc,phases   ] GC(19)   Post Evacuate Collection Set: 2.41ms
[2025-02-28T07:42:50.545+0000][208][info ][gc,phases   ] GC(19)   Other: 0.51ms
[2025-02-28T07:42:50.545+0000][208][trace][gc,age      ] GC(19) Age table:
[2025-02-28T07:42:50.546+0000][208][trace][gc,age      ] GC(19) - age   1:   23494816 bytes,   23494816 total
[2025-02-28T07:42:50.546+0000][208][trace][gc,age      ] GC(19) - age   2:    9215624 bytes,   32710440 total
[2025-02-28T07:42:50.546+0000][208][trace][gc,age      ] GC(19) - age   3:   11204264 bytes,   43914704 total
[2025-02-28T07:42:50.546+0000][208][trace][gc,age      ] GC(19) - age   4:    5751400 bytes,   49666104 total
[2025-02-28T07:42:50.546+0000][208][trace][gc,age      ] GC(19) - age   5:    6896016 bytes,   56562120 total
[2025-02-28T07:42:50.546+0000][208][trace][gc,age      ] GC(19) - age   6:    6725128 bytes,   63287248 total
[2025-02-28T07:42:50.546+0000][208][info ][gc,heap     ] GC(19) Eden regions: 139->0(136)
[2025-02-28T07:42:50.546+0000][208][info ][gc,heap     ] GC(19) Survivor regions: 14->17(20)
[2025-02-28T07:42:50.546+0000][208][info ][gc,heap     ] GC(19) Old regions: 5->8
[2025-02-28T07:42:50.546+0000][208][info ][gc,heap     ] GC(19) Humongous regions: 2->2
[2025-02-28T07:42:50.546+0000][208][info ][gc,metaspace] GC(19) Metaspace: 144280K(148352K)->144280K(148352K) NonClass: 123856K(126016K)->123856K(126016K) Class: 20424K(22336K)->20424K(22336K)
[2025-02-28T07:42:50.546+0000][208][info ][gc          ] GC(19) Pause Young (Normal) (G1 Evacuation Pause) 636M->104M(1024M) 38.889ms
[2025-02-28T07:42:50.546+0000][208][info ][gc,cpu      ] GC(19) User=0.24s Sys=0.02s Real=0.04s
[2025-02-28T07:42:50.546+0000][208][info ][safepoint   ] Safepoint "G1CollectForAllocation", Time since last: 159152214738 ns, Reaching safepoint: 32367 ns, At safepoint: 39089459 ns, Total: 39121826 ns
